{"/Users/guillaumebrousset/Documents/STUDI/billeterie_jo/backend/server.js": {"path":"/Users/guillaumebrousset/Documents/STUDI/billeterie_jo/backend/server.js","statementMap":{"0":{"start":{"line":2,"column":0},"end":{"line":2,"column":27}},"1":{"start":{"line":4,"column":16},"end":{"line":4,"column":34}},"2":{"start":{"line":5,"column":13},"end":{"line":5,"column":28}},"3":{"start":{"line":6,"column":19},"end":{"line":6,"column":43}},"4":{"start":{"line":7,"column":21},"end":{"line":7,"column":47}},"5":{"start":{"line":8,"column":22},"end":{"line":8,"column":49}},"6":{"start":{"line":9,"column":23},"end":{"line":9,"column":51}},"7":{"start":{"line":11,"column":12},"end":{"line":11,"column":21}},"8":{"start":{"line":12,"column":21},"end":{"line":12,"column":45}},"9":{"start":{"line":13,"column":13},"end":{"line":13,"column":17}},"10":{"start":{"line":15,"column":20},"end":{"line":18,"column":1}},"11":{"start":{"line":21,"column":0},"end":{"line":21,"column":27}},"12":{"start":{"line":22,"column":0},"end":{"line":22,"column":24}},"13":{"start":{"line":23,"column":0},"end":{"line":23,"column":24}},"14":{"start":{"line":26,"column":0},"end":{"line":26,"column":28}},"15":{"start":{"line":27,"column":0},"end":{"line":27,"column":37}},"16":{"start":{"line":28,"column":0},"end":{"line":28,"column":39}},"17":{"start":{"line":29,"column":0},"end":{"line":29,"column":41}},"18":{"start":{"line":32,"column":0},"end":{"line":32,"column":21}},"19":{"start":{"line":34,"column":13},"end":{"line":34,"column":37}},"20":{"start":{"line":35,"column":0},"end":{"line":39,"column":1}},"21":{"start":{"line":36,"column":2},"end":{"line":38,"column":5}},"22":{"start":{"line":37,"column":4},"end":{"line":37,"column":53}}},"fnMap":{"0":{"name":"(anonymous_0)","decl":{"start":{"line":36,"column":19},"end":{"line":36,"column":20}},"loc":{"start":{"line":36,"column":25},"end":{"line":38,"column":3}},"line":36}},"branchMap":{"0":{"loc":{"start":{"line":34,"column":13},"end":{"line":34,"column":37}},"type":"binary-expr","locations":[{"start":{"line":34,"column":13},"end":{"line":34,"column":29}},{"start":{"line":34,"column":33},"end":{"line":34,"column":37}}],"line":34},"1":{"loc":{"start":{"line":35,"column":0},"end":{"line":39,"column":1}},"type":"if","locations":[{"start":{"line":35,"column":0},"end":{"line":39,"column":1}},{"start":{},"end":{}}],"line":35}},"s":{"0":1,"1":1,"2":1,"3":1,"4":1,"5":1,"6":1,"7":1,"8":1,"9":1,"10":1,"11":1,"12":1,"13":1,"14":1,"15":1,"16":1,"17":1,"18":1,"19":1,"20":1,"21":0,"22":0},"f":{"0":0},"b":{"0":[1,0],"1":[0,1]},"_coverageSchema":"1a1c01bbd47fc00a2c39e90264f33305004495a9","hash":"d7b7fcd7e891f0f48fa3658159fca6a961488925"}
,"/Users/guillaumebrousset/Documents/STUDI/billeterie_jo/backend/config/db.js": {"path":"/Users/guillaumebrousset/Documents/STUDI/billeterie_jo/backend/config/db.js","statementMap":{"0":{"start":{"line":1,"column":17},"end":{"line":1,"column":30}},"1":{"start":{"line":4,"column":13},"end":{"line":10,"column":2}},"2":{"start":{"line":13,"column":0},"end":{"line":13,"column":22}}},"fnMap":{},"branchMap":{},"s":{"0":1,"1":1,"2":1},"f":{},"b":{},"_coverageSchema":"1a1c01bbd47fc00a2c39e90264f33305004495a9","hash":"7ac3a68f99b709e1fea6d6440608bdc8b48b99fc"}
,"/Users/guillaumebrousset/Documents/STUDI/billeterie_jo/backend/middleware/auth.js": {"path":"/Users/guillaumebrousset/Documents/STUDI/billeterie_jo/backend/middleware/auth.js","statementMap":{"0":{"start":{"line":1,"column":12},"end":{"line":1,"column":35}},"1":{"start":{"line":3,"column":26},"end":{"line":21,"column":1}},"2":{"start":{"line":5,"column":18},"end":{"line":5,"column":82}},"3":{"start":{"line":6,"column":4},"end":{"line":9,"column":5}},"4":{"start":{"line":8,"column":8},"end":{"line":8,"column":81}},"5":{"start":{"line":12,"column":4},"end":{"line":20,"column":7}},"6":{"start":{"line":13,"column":8},"end":{"line":16,"column":9}},"7":{"start":{"line":15,"column":12},"end":{"line":15,"column":85}},"8":{"start":{"line":18,"column":8},"end":{"line":18,"column":24}},"9":{"start":{"line":19,"column":8},"end":{"line":19,"column":15}},"10":{"start":{"line":23,"column":0},"end":{"line":23,"column":35}}},"fnMap":{"0":{"name":"(anonymous_0)","decl":{"start":{"line":3,"column":26},"end":{"line":3,"column":27}},"loc":{"start":{"line":3,"column":46},"end":{"line":21,"column":1}},"line":3},"1":{"name":"(anonymous_1)","decl":{"start":{"line":12,"column":43},"end":{"line":12,"column":44}},"loc":{"start":{"line":12,"column":58},"end":{"line":20,"column":5}},"line":12}},"branchMap":{"0":{"loc":{"start":{"line":5,"column":18},"end":{"line":5,"column":82}},"type":"binary-expr","locations":[{"start":{"line":5,"column":18},"end":{"line":5,"column":35}},{"start":{"line":5,"column":39},"end":{"line":5,"column":82}}],"line":5},"1":{"loc":{"start":{"line":6,"column":4},"end":{"line":9,"column":5}},"type":"if","locations":[{"start":{"line":6,"column":4},"end":{"line":9,"column":5}},{"start":{},"end":{}}],"line":6},"2":{"loc":{"start":{"line":13,"column":8},"end":{"line":16,"column":9}},"type":"if","locations":[{"start":{"line":13,"column":8},"end":{"line":16,"column":9}},{"start":{},"end":{}}],"line":13}},"s":{"0":1,"1":1,"2":8,"3":8,"4":1,"5":7,"6":7,"7":0,"8":7,"9":7,"10":1},"f":{"0":8,"1":7},"b":{"0":[8,8],"1":[1,7],"2":[0,7]},"_coverageSchema":"1a1c01bbd47fc00a2c39e90264f33305004495a9","hash":"f70e3584d3792c7a0d870101002d84368ad2b24c"}
,"/Users/guillaumebrousset/Documents/STUDI/billeterie_jo/backend/middleware/authAdmin.js": {"path":"/Users/guillaumebrousset/Documents/STUDI/billeterie_jo/backend/middleware/authAdmin.js","statementMap":{"0":{"start":{"line":5,"column":4},"end":{"line":9,"column":5}},"1":{"start":{"line":6,"column":8},"end":{"line":6,"column":22}},"2":{"start":{"line":8,"column":8},"end":{"line":8,"column":68}},"3":{"start":{"line":12,"column":0},"end":{"line":12,"column":33}}},"fnMap":{"0":{"name":"adminMiddleware","decl":{"start":{"line":4,"column":9},"end":{"line":4,"column":24}},"loc":{"start":{"line":4,"column":41},"end":{"line":10,"column":1}},"line":4}},"branchMap":{"0":{"loc":{"start":{"line":5,"column":4},"end":{"line":9,"column":5}},"type":"if","locations":[{"start":{"line":5,"column":4},"end":{"line":9,"column":5}},{"start":{"line":7,"column":11},"end":{"line":9,"column":5}}],"line":5},"1":{"loc":{"start":{"line":5,"column":8},"end":{"line":5,"column":45}},"type":"binary-expr","locations":[{"start":{"line":5,"column":8},"end":{"line":5,"column":16}},{"start":{"line":5,"column":20},"end":{"line":5,"column":45}}],"line":5}},"s":{"0":6,"1":6,"2":0,"3":1},"f":{"0":6},"b":{"0":[6,0],"1":[6,6]},"_coverageSchema":"1a1c01bbd47fc00a2c39e90264f33305004495a9","hash":"fcff4a70fc91660c0b4c0b22515c7f82262551fb"}
,"/Users/guillaumebrousset/Documents/STUDI/billeterie_jo/backend/routes/auth.js": {"path":"/Users/guillaumebrousset/Documents/STUDI/billeterie_jo/backend/routes/auth.js","statementMap":{"0":{"start":{"line":1,"column":16},"end":{"line":1,"column":34}},"1":{"start":{"line":2,"column":15},"end":{"line":2,"column":34}},"2":{"start":{"line":3,"column":11},"end":{"line":3,"column":34}},"3":{"start":{"line":4,"column":12},"end":{"line":4,"column":35}},"4":{"start":{"line":5,"column":15},"end":{"line":5,"column":31}},"5":{"start":{"line":6,"column":26},"end":{"line":6,"column":55}},"6":{"start":{"line":7,"column":24},"end":{"line":7,"column":58}},"7":{"start":{"line":8,"column":15},"end":{"line":8,"column":32}},"8":{"start":{"line":11,"column":0},"end":{"line":42,"column":3}},"9":{"start":{"line":12,"column":49},"end":{"line":12,"column":57}},"10":{"start":{"line":14,"column":4},"end":{"line":16,"column":5}},"11":{"start":{"line":15,"column":8},"end":{"line":15,"column":81}},"12":{"start":{"line":18,"column":4},"end":{"line":41,"column":5}},"13":{"start":{"line":20,"column":29},"end":{"line":20,"column":92}},"14":{"start":{"line":21,"column":8},"end":{"line":23,"column":9}},"15":{"start":{"line":22,"column":12},"end":{"line":22,"column":84}},"16":{"start":{"line":26,"column":31},"end":{"line":26,"column":62}},"17":{"start":{"line":29,"column":24},"end":{"line":29,"column":62}},"18":{"start":{"line":32,"column":8},"end":{"line":35,"column":10}},"19":{"start":{"line":37,"column":8},"end":{"line":37,"column":94}},"20":{"start":{"line":39,"column":8},"end":{"line":39,"column":64}},"21":{"start":{"line":40,"column":8},"end":{"line":40,"column":76}},"22":{"start":{"line":45,"column":0},"end":{"line":78,"column":3}},"23":{"start":{"line":46,"column":39},"end":{"line":46,"column":47}},"24":{"start":{"line":48,"column":4},"end":{"line":77,"column":5}},"25":{"start":{"line":49,"column":8},"end":{"line":49,"column":81}},"26":{"start":{"line":52,"column":23},"end":{"line":52,"column":108}},"27":{"start":{"line":53,"column":21},"end":{"line":53,"column":35}},"28":{"start":{"line":55,"column":8},"end":{"line":58,"column":9}},"29":{"start":{"line":56,"column":12},"end":{"line":56,"column":50}},"30":{"start":{"line":57,"column":12},"end":{"line":57,"column":79}},"31":{"start":{"line":61,"column":30},"end":{"line":61,"column":80}},"32":{"start":{"line":62,"column":8},"end":{"line":62,"column":71}},"33":{"start":{"line":64,"column":8},"end":{"line":66,"column":9}},"34":{"start":{"line":65,"column":12},"end":{"line":65,"column":79}},"35":{"start":{"line":69,"column":22},"end":{"line":69,"column":111}},"36":{"start":{"line":72,"column":8},"end":{"line":72,"column":55}},"37":{"start":{"line":73,"column":8},"end":{"line":73,"column":60}},"38":{"start":{"line":75,"column":8},"end":{"line":75,"column":62}},"39":{"start":{"line":76,"column":8},"end":{"line":76,"column":63}},"40":{"start":{"line":81,"column":0},"end":{"line":96,"column":3}},"41":{"start":{"line":82,"column":4},"end":{"line":95,"column":5}},"42":{"start":{"line":83,"column":23},"end":{"line":83,"column":34}},"43":{"start":{"line":85,"column":21},"end":{"line":85,"column":123}},"44":{"start":{"line":87,"column":8},"end":{"line":89,"column":9}},"45":{"start":{"line":88,"column":12},"end":{"line":88,"column":79}},"46":{"start":{"line":91,"column":8},"end":{"line":91,"column":31}},"47":{"start":{"line":93,"column":8},"end":{"line":93,"column":89}},"48":{"start":{"line":94,"column":8},"end":{"line":94,"column":85}},"49":{"start":{"line":99,"column":0},"end":{"line":102,"column":3}},"50":{"start":{"line":100,"column":4},"end":{"line":100,"column":29}},"51":{"start":{"line":101,"column":4},"end":{"line":101,"column":61}},"52":{"start":{"line":105,"column":0},"end":{"line":107,"column":3}},"53":{"start":{"line":106,"column":4},"end":{"line":106,"column":66}},"54":{"start":{"line":110,"column":0},"end":{"line":135,"column":3}},"55":{"start":{"line":111,"column":42},"end":{"line":111,"column":50}},"56":{"start":{"line":113,"column":4},"end":{"line":115,"column":5}},"57":{"start":{"line":114,"column":8},"end":{"line":114,"column":116}},"58":{"start":{"line":117,"column":4},"end":{"line":134,"column":5}},"59":{"start":{"line":119,"column":29},"end":{"line":119,"column":114}},"60":{"start":{"line":120,"column":8},"end":{"line":122,"column":9}},"61":{"start":{"line":121,"column":12},"end":{"line":121,"column":80}},"62":{"start":{"line":125,"column":31},"end":{"line":125,"column":65}},"63":{"start":{"line":128,"column":8},"end":{"line":128,"column":104}},"64":{"start":{"line":130,"column":8},"end":{"line":130,"column":84}},"65":{"start":{"line":132,"column":8},"end":{"line":132,"column":85}},"66":{"start":{"line":133,"column":8},"end":{"line":133,"column":64}},"67":{"start":{"line":137,"column":0},"end":{"line":137,"column":24}}},"fnMap":{"0":{"name":"(anonymous_0)","decl":{"start":{"line":11,"column":25},"end":{"line":11,"column":26}},"loc":{"start":{"line":11,"column":45},"end":{"line":42,"column":1}},"line":11},"1":{"name":"(anonymous_1)","decl":{"start":{"line":45,"column":22},"end":{"line":45,"column":23}},"loc":{"start":{"line":45,"column":42},"end":{"line":78,"column":1}},"line":45},"2":{"name":"(anonymous_2)","decl":{"start":{"line":81,"column":42},"end":{"line":81,"column":43}},"loc":{"start":{"line":81,"column":62},"end":{"line":96,"column":1}},"line":81},"3":{"name":"(anonymous_3)","decl":{"start":{"line":99,"column":23},"end":{"line":99,"column":24}},"loc":{"start":{"line":99,"column":37},"end":{"line":102,"column":1}},"line":99},"4":{"name":"(anonymous_4)","decl":{"start":{"line":105,"column":31},"end":{"line":105,"column":32}},"loc":{"start":{"line":105,"column":45},"end":{"line":107,"column":1}},"line":105},"5":{"name":"(anonymous_5)","decl":{"start":{"line":110,"column":31},"end":{"line":110,"column":32}},"loc":{"start":{"line":110,"column":51},"end":{"line":135,"column":1}},"line":110}},"branchMap":{"0":{"loc":{"start":{"line":14,"column":4},"end":{"line":16,"column":5}},"type":"if","locations":[{"start":{"line":14,"column":4},"end":{"line":16,"column":5}},{"start":{},"end":{}}],"line":14},"1":{"loc":{"start":{"line":14,"column":8},"end":{"line":14,"column":50}},"type":"binary-expr","locations":[{"start":{"line":14,"column":8},"end":{"line":14,"column":17}},{"start":{"line":14,"column":21},"end":{"line":14,"column":27}},{"start":{"line":14,"column":31},"end":{"line":14,"column":40}},{"start":{"line":14,"column":44},"end":{"line":14,"column":50}}],"line":14},"2":{"loc":{"start":{"line":21,"column":8},"end":{"line":23,"column":9}},"type":"if","locations":[{"start":{"line":21,"column":8},"end":{"line":23,"column":9}},{"start":{},"end":{}}],"line":21},"3":{"loc":{"start":{"line":55,"column":8},"end":{"line":58,"column":9}},"type":"if","locations":[{"start":{"line":55,"column":8},"end":{"line":58,"column":9}},{"start":{},"end":{}}],"line":55},"4":{"loc":{"start":{"line":64,"column":8},"end":{"line":66,"column":9}},"type":"if","locations":[{"start":{"line":64,"column":8},"end":{"line":66,"column":9}},{"start":{},"end":{}}],"line":64},"5":{"loc":{"start":{"line":87,"column":8},"end":{"line":89,"column":9}},"type":"if","locations":[{"start":{"line":87,"column":8},"end":{"line":89,"column":9}},{"start":{},"end":{}}],"line":87},"6":{"loc":{"start":{"line":113,"column":4},"end":{"line":115,"column":5}},"type":"if","locations":[{"start":{"line":113,"column":4},"end":{"line":115,"column":5}},{"start":{},"end":{}}],"line":113},"7":{"loc":{"start":{"line":113,"column":8},"end":{"line":113,"column":40}},"type":"binary-expr","locations":[{"start":{"line":113,"column":8},"end":{"line":113,"column":14}},{"start":{"line":113,"column":18},"end":{"line":113,"column":30}},{"start":{"line":113,"column":34},"end":{"line":113,"column":40}}],"line":113},"8":{"loc":{"start":{"line":120,"column":8},"end":{"line":122,"column":9}},"type":"if","locations":[{"start":{"line":120,"column":8},"end":{"line":122,"column":9}},{"start":{},"end":{}}],"line":120}},"s":{"0":1,"1":1,"2":1,"3":1,"4":1,"5":1,"6":1,"7":1,"8":1,"9":5,"10":5,"11":1,"12":4,"13":4,"14":4,"15":2,"16":2,"17":2,"18":2,"19":2,"20":0,"21":0,"22":1,"23":5,"24":5,"25":5,"26":5,"27":5,"28":5,"29":1,"30":1,"31":4,"32":4,"33":4,"34":1,"35":3,"36":3,"37":3,"38":0,"39":0,"40":1,"41":1,"42":1,"43":1,"44":1,"45":0,"46":1,"47":0,"48":0,"49":1,"50":1,"51":1,"52":1,"53":1,"54":1,"55":3,"56":3,"57":1,"58":2,"59":2,"60":2,"61":1,"62":1,"63":1,"64":1,"65":0,"66":0,"67":1},"f":{"0":5,"1":5,"2":1,"3":1,"4":1,"5":3},"b":{"0":[1,4],"1":[5,4,4,4],"2":[2,2],"3":[1,4],"4":[1,3],"5":[0,1],"6":[1,2],"7":[3,2,2],"8":[1,1]},"_coverageSchema":"1a1c01bbd47fc00a2c39e90264f33305004495a9","hash":"15ad91cd996ed2574dc9f44460d59eaca06ee7bb"}
,"/Users/guillaumebrousset/Documents/STUDI/billeterie_jo/backend/routes/offers.js": {"path":"/Users/guillaumebrousset/Documents/STUDI/billeterie_jo/backend/routes/offers.js","statementMap":{"0":{"start":{"line":1,"column":16},"end":{"line":1,"column":34}},"1":{"start":{"line":2,"column":11},"end":{"line":2,"column":34}},"2":{"start":{"line":3,"column":26},"end":{"line":3,"column":55}},"3":{"start":{"line":4,"column":26},"end":{"line":4,"column":60}},"4":{"start":{"line":6,"column":15},"end":{"line":6,"column":31}},"5":{"start":{"line":9,"column":0},"end":{"line":24,"column":3}},"6":{"start":{"line":10,"column":63},"end":{"line":10,"column":71}},"7":{"start":{"line":12,"column":4},"end":{"line":14,"column":5}},"8":{"start":{"line":13,"column":8},"end":{"line":13,"column":81}},"9":{"start":{"line":16,"column":4},"end":{"line":23,"column":5}},"10":{"start":{"line":17,"column":24},"end":{"line":17,"column":40}},"11":{"start":{"line":18,"column":8},"end":{"line":18,"column":191}},"12":{"start":{"line":19,"column":8},"end":{"line":19,"column":70}},"13":{"start":{"line":21,"column":8},"end":{"line":21,"column":29}},"14":{"start":{"line":22,"column":8},"end":{"line":22,"column":85}},"15":{"start":{"line":27,"column":0},"end":{"line":34,"column":3}},"16":{"start":{"line":28,"column":4},"end":{"line":33,"column":5}},"17":{"start":{"line":29,"column":23},"end":{"line":29,"column":61}},"18":{"start":{"line":30,"column":8},"end":{"line":30,"column":42}},"19":{"start":{"line":32,"column":8},"end":{"line":32,"column":88}},"20":{"start":{"line":37,"column":0},"end":{"line":49,"column":3}},"21":{"start":{"line":38,"column":19},"end":{"line":38,"column":29}},"22":{"start":{"line":40,"column":4},"end":{"line":48,"column":5}},"23":{"start":{"line":41,"column":22},"end":{"line":41,"column":86}},"24":{"start":{"line":42,"column":8},"end":{"line":44,"column":9}},"25":{"start":{"line":43,"column":12},"end":{"line":43,"column":75}},"26":{"start":{"line":45,"column":8},"end":{"line":45,"column":44}},"27":{"start":{"line":47,"column":8},"end":{"line":47,"column":89}},"28":{"start":{"line":52,"column":0},"end":{"line":76,"column":3}},"29":{"start":{"line":53,"column":19},"end":{"line":53,"column":29}},"30":{"start":{"line":54,"column":63},"end":{"line":54,"column":71}},"31":{"start":{"line":57,"column":4},"end":{"line":59,"column":5}},"32":{"start":{"line":58,"column":8},"end":{"line":58,"column":81}},"33":{"start":{"line":61,"column":4},"end":{"line":75,"column":5}},"34":{"start":{"line":62,"column":23},"end":{"line":65,"column":9}},"35":{"start":{"line":67,"column":8},"end":{"line":69,"column":9}},"36":{"start":{"line":68,"column":12},"end":{"line":68,"column":75}},"37":{"start":{"line":71,"column":8},"end":{"line":71,"column":99}},"38":{"start":{"line":73,"column":8},"end":{"line":73,"column":76}},"39":{"start":{"line":74,"column":8},"end":{"line":74,"column":88}},"40":{"start":{"line":79,"column":0},"end":{"line":91,"column":3}},"41":{"start":{"line":80,"column":19},"end":{"line":80,"column":29}},"42":{"start":{"line":82,"column":4},"end":{"line":90,"column":5}},"43":{"start":{"line":83,"column":23},"end":{"line":83,"column":85}},"44":{"start":{"line":84,"column":8},"end":{"line":86,"column":9}},"45":{"start":{"line":85,"column":12},"end":{"line":85,"column":75}},"46":{"start":{"line":87,"column":8},"end":{"line":87,"column":74}},"47":{"start":{"line":89,"column":8},"end":{"line":89,"column":88}},"48":{"start":{"line":94,"column":0},"end":{"line":125,"column":3}},"49":{"start":{"line":95,"column":24},"end":{"line":95,"column":34}},"50":{"start":{"line":96,"column":25},"end":{"line":96,"column":33}},"51":{"start":{"line":98,"column":4},"end":{"line":124,"column":5}},"52":{"start":{"line":100,"column":22},"end":{"line":100,"column":104}},"53":{"start":{"line":102,"column":8},"end":{"line":104,"column":9}},"54":{"start":{"line":103,"column":12},"end":{"line":103,"column":75}},"55":{"start":{"line":106,"column":34},"end":{"line":106,"column":62}},"56":{"start":{"line":109,"column":8},"end":{"line":111,"column":9}},"57":{"start":{"line":110,"column":12},"end":{"line":110,"column":92}},"58":{"start":{"line":114,"column":8},"end":{"line":118,"column":32}},"59":{"start":{"line":120,"column":8},"end":{"line":120,"column":89}},"60":{"start":{"line":122,"column":8},"end":{"line":122,"column":76}},"61":{"start":{"line":123,"column":8},"end":{"line":123,"column":88}},"62":{"start":{"line":127,"column":0},"end":{"line":127,"column":24}}},"fnMap":{"0":{"name":"(anonymous_0)","decl":{"start":{"line":9,"column":55},"end":{"line":9,"column":56}},"loc":{"start":{"line":9,"column":75},"end":{"line":24,"column":1}},"line":9},"1":{"name":"(anonymous_1)","decl":{"start":{"line":27,"column":16},"end":{"line":27,"column":17}},"loc":{"start":{"line":27,"column":36},"end":{"line":34,"column":1}},"line":27},"2":{"name":"(anonymous_2)","decl":{"start":{"line":37,"column":19},"end":{"line":37,"column":20}},"loc":{"start":{"line":37,"column":39},"end":{"line":49,"column":1}},"line":37},"3":{"name":"(anonymous_3)","decl":{"start":{"line":52,"column":57},"end":{"line":52,"column":58}},"loc":{"start":{"line":52,"column":77},"end":{"line":76,"column":1}},"line":52},"4":{"name":"(anonymous_4)","decl":{"start":{"line":79,"column":60},"end":{"line":79,"column":61}},"loc":{"start":{"line":79,"column":80},"end":{"line":91,"column":1}},"line":79},"5":{"name":"(anonymous_5)","decl":{"start":{"line":94,"column":33},"end":{"line":94,"column":34}},"loc":{"start":{"line":94,"column":53},"end":{"line":125,"column":1}},"line":94}},"branchMap":{"0":{"loc":{"start":{"line":12,"column":4},"end":{"line":14,"column":5}},"type":"if","locations":[{"start":{"line":12,"column":4},"end":{"line":14,"column":5}},{"start":{},"end":{}}],"line":12},"1":{"loc":{"start":{"line":12,"column":8},"end":{"line":12,"column":64}},"type":"binary-expr","locations":[{"start":{"line":12,"column":8},"end":{"line":12,"column":19}},{"start":{"line":12,"column":23},"end":{"line":12,"column":35}},{"start":{"line":12,"column":39},"end":{"line":12,"column":45}},{"start":{"line":12,"column":49},"end":{"line":12,"column":64}}],"line":12},"2":{"loc":{"start":{"line":42,"column":8},"end":{"line":44,"column":9}},"type":"if","locations":[{"start":{"line":42,"column":8},"end":{"line":44,"column":9}},{"start":{},"end":{}}],"line":42},"3":{"loc":{"start":{"line":57,"column":4},"end":{"line":59,"column":5}},"type":"if","locations":[{"start":{"line":57,"column":4},"end":{"line":59,"column":5}},{"start":{},"end":{}}],"line":57},"4":{"loc":{"start":{"line":57,"column":8},"end":{"line":57,"column":77}},"type":"binary-expr","locations":[{"start":{"line":57,"column":8},"end":{"line":57,"column":19}},{"start":{"line":57,"column":23},"end":{"line":57,"column":35}},{"start":{"line":57,"column":39},"end":{"line":57,"column":45}},{"start":{"line":57,"column":49},"end":{"line":57,"column":77}}],"line":57},"5":{"loc":{"start":{"line":67,"column":8},"end":{"line":69,"column":9}},"type":"if","locations":[{"start":{"line":67,"column":8},"end":{"line":69,"column":9}},{"start":{},"end":{}}],"line":67},"6":{"loc":{"start":{"line":84,"column":8},"end":{"line":86,"column":9}},"type":"if","locations":[{"start":{"line":84,"column":8},"end":{"line":86,"column":9}},{"start":{},"end":{}}],"line":84},"7":{"loc":{"start":{"line":102,"column":8},"end":{"line":104,"column":9}},"type":"if","locations":[{"start":{"line":102,"column":8},"end":{"line":104,"column":9}},{"start":{},"end":{}}],"line":102},"8":{"loc":{"start":{"line":109,"column":8},"end":{"line":111,"column":9}},"type":"if","locations":[{"start":{"line":109,"column":8},"end":{"line":111,"column":9}},{"start":{},"end":{}}],"line":109}},"s":{"0":1,"1":1,"2":1,"3":1,"4":1,"5":1,"6":2,"7":2,"8":1,"9":1,"10":1,"11":1,"12":1,"13":0,"14":0,"15":1,"16":1,"17":1,"18":1,"19":0,"20":1,"21":2,"22":2,"23":2,"24":2,"25":1,"26":1,"27":0,"28":1,"29":2,"30":2,"31":2,"32":0,"33":2,"34":2,"35":2,"36":1,"37":1,"38":0,"39":0,"40":1,"41":2,"42":2,"43":2,"44":2,"45":1,"46":1,"47":0,"48":1,"49":3,"50":3,"51":3,"52":3,"53":3,"54":1,"55":2,"56":2,"57":1,"58":1,"59":1,"60":0,"61":0,"62":1},"f":{"0":2,"1":1,"2":2,"3":2,"4":2,"5":3},"b":{"0":[1,1],"1":[2,2,1,1],"2":[1,1],"3":[0,2],"4":[2,2,2,2],"5":[1,1],"6":[1,1],"7":[1,2],"8":[1,1]},"_coverageSchema":"1a1c01bbd47fc00a2c39e90264f33305004495a9","hash":"014bed7bd3807a2b51d15dd9247653fae68d7776"}
,"/Users/guillaumebrousset/Documents/STUDI/billeterie_jo/backend/routes/payments.js": {"path":"/Users/guillaumebrousset/Documents/STUDI/billeterie_jo/backend/routes/payments.js","statementMap":{"0":{"start":{"line":1,"column":16},"end":{"line":1,"column":34}},"1":{"start":{"line":2,"column":15},"end":{"line":2,"column":31}},"2":{"start":{"line":3,"column":13},"end":{"line":3,"column":36}},"3":{"start":{"line":6,"column":0},"end":{"line":23,"column":3}},"4":{"start":{"line":7,"column":19},"end":{"line":7,"column":36}},"5":{"start":{"line":9,"column":4},"end":{"line":22,"column":5}},"6":{"start":{"line":10,"column":25},"end":{"line":16,"column":9}},"7":{"start":{"line":18,"column":8},"end":{"line":18,"column":32}},"8":{"start":{"line":20,"column":8},"end":{"line":20,"column":79}},"9":{"start":{"line":21,"column":8},"end":{"line":21,"column":88}},"10":{"start":{"line":26,"column":0},"end":{"line":45,"column":3}},"11":{"start":{"line":27,"column":51},"end":{"line":27,"column":59}},"12":{"start":{"line":29,"column":4},"end":{"line":31,"column":5}},"13":{"start":{"line":30,"column":8},"end":{"line":30,"column":79}},"14":{"start":{"line":33,"column":4},"end":{"line":44,"column":5}},"15":{"start":{"line":34,"column":27},"end":{"line":38,"column":9}},"16":{"start":{"line":40,"column":8},"end":{"line":40,"column":37}},"17":{"start":{"line":42,"column":8},"end":{"line":42,"column":73}},"18":{"start":{"line":43,"column":8},"end":{"line":43,"column":82}},"19":{"start":{"line":47,"column":0},"end":{"line":47,"column":24}}},"fnMap":{"0":{"name":"(anonymous_0)","decl":{"start":{"line":6,"column":28},"end":{"line":6,"column":29}},"loc":{"start":{"line":6,"column":48},"end":{"line":23,"column":1}},"line":6},"1":{"name":"(anonymous_1)","decl":{"start":{"line":26,"column":23},"end":{"line":26,"column":24}},"loc":{"start":{"line":26,"column":43},"end":{"line":45,"column":1}},"line":26}},"branchMap":{"0":{"loc":{"start":{"line":29,"column":4},"end":{"line":31,"column":5}},"type":"if","locations":[{"start":{"line":29,"column":4},"end":{"line":31,"column":5}},{"start":{},"end":{}}],"line":29}},"s":{"0":1,"1":1,"2":1,"3":1,"4":0,"5":0,"6":0,"7":0,"8":0,"9":0,"10":1,"11":0,"12":0,"13":0,"14":0,"15":0,"16":0,"17":0,"18":0,"19":1},"f":{"0":0,"1":0},"b":{"0":[0,0]},"_coverageSchema":"1a1c01bbd47fc00a2c39e90264f33305004495a9","hash":"c5985fc3d10b703b26132be1898f30585b53382e"}
,"/Users/guillaumebrousset/Documents/STUDI/billeterie_jo/backend/routes/tickets.js": {"path":"/Users/guillaumebrousset/Documents/STUDI/billeterie_jo/backend/routes/tickets.js","statementMap":{"0":{"start":{"line":1,"column":16},"end":{"line":1,"column":34}},"1":{"start":{"line":2,"column":11},"end":{"line":2,"column":34}},"2":{"start":{"line":3,"column":26},"end":{"line":3,"column":55}},"3":{"start":{"line":4,"column":15},"end":{"line":4,"column":31}},"4":{"start":{"line":7,"column":32},"end":{"line":9,"column":1}},"5":{"start":{"line":8,"column":4},"end":{"line":8,"column":63}},"6":{"start":{"line":10,"column":23},"end":{"line":12,"column":1}},"7":{"start":{"line":11,"column":4},"end":{"line":11,"column":29}},"8":{"start":{"line":15,"column":0},"end":{"line":43,"column":3}},"9":{"start":{"line":16,"column":19},"end":{"line":16,"column":30}},"10":{"start":{"line":17,"column":42},"end":{"line":17,"column":50}},"11":{"start":{"line":20,"column":4},"end":{"line":22,"column":5}},"12":{"start":{"line":21,"column":8},"end":{"line":21,"column":73}},"13":{"start":{"line":23,"column":4},"end":{"line":25,"column":5}},"14":{"start":{"line":24,"column":8},"end":{"line":24,"column":80}},"15":{"start":{"line":27,"column":4},"end":{"line":42,"column":5}},"16":{"start":{"line":28,"column":26},"end":{"line":28,"column":51}},"17":{"start":{"line":29,"column":23},"end":{"line":29,"column":48}},"18":{"start":{"line":32,"column":23},"end":{"line":36,"column":66}},"19":{"start":{"line":38,"column":8},"end":{"line":38,"column":45}},"20":{"start":{"line":40,"column":8},"end":{"line":40,"column":71}},"21":{"start":{"line":41,"column":8},"end":{"line":41,"column":105}},"22":{"start":{"line":46,"column":0},"end":{"line":59,"column":3}},"23":{"start":{"line":47,"column":19},"end":{"line":47,"column":30}},"24":{"start":{"line":49,"column":4},"end":{"line":58,"column":5}},"25":{"start":{"line":50,"column":23},"end":{"line":52,"column":20}},"26":{"start":{"line":54,"column":8},"end":{"line":54,"column":42}},"27":{"start":{"line":56,"column":8},"end":{"line":56,"column":77}},"28":{"start":{"line":57,"column":8},"end":{"line":57,"column":111}},"29":{"start":{"line":61,"column":0},"end":{"line":61,"column":24}}},"fnMap":{"0":{"name":"(anonymous_0)","decl":{"start":{"line":7,"column":32},"end":{"line":7,"column":33}},"loc":{"start":{"line":7,"column":38},"end":{"line":9,"column":1}},"line":7},"1":{"name":"(anonymous_1)","decl":{"start":{"line":10,"column":23},"end":{"line":10,"column":24}},"loc":{"start":{"line":10,"column":38},"end":{"line":12,"column":1}},"line":10},"2":{"name":"(anonymous_2)","decl":{"start":{"line":15,"column":36},"end":{"line":15,"column":37}},"loc":{"start":{"line":15,"column":56},"end":{"line":43,"column":1}},"line":15},"3":{"name":"(anonymous_3)","decl":{"start":{"line":46,"column":35},"end":{"line":46,"column":36}},"loc":{"start":{"line":46,"column":55},"end":{"line":59,"column":1}},"line":46}},"branchMap":{"0":{"loc":{"start":{"line":20,"column":4},"end":{"line":22,"column":5}},"type":"if","locations":[{"start":{"line":20,"column":4},"end":{"line":22,"column":5}},{"start":{},"end":{}}],"line":20},"1":{"loc":{"start":{"line":23,"column":4},"end":{"line":25,"column":5}},"type":"if","locations":[{"start":{"line":23,"column":4},"end":{"line":25,"column":5}},{"start":{},"end":{}}],"line":23}},"s":{"0":1,"1":1,"2":1,"3":1,"4":1,"5":0,"6":1,"7":0,"8":1,"9":0,"10":0,"11":0,"12":0,"13":0,"14":0,"15":0,"16":0,"17":0,"18":0,"19":0,"20":0,"21":0,"22":1,"23":0,"24":0,"25":0,"26":0,"27":0,"28":0,"29":1},"f":{"0":0,"1":0,"2":0,"3":0},"b":{"0":[0,0],"1":[0,0]},"_coverageSchema":"1a1c01bbd47fc00a2c39e90264f33305004495a9","hash":"1b8cbf1f602d8ff7c1eb452dcfce5ff659faf735"}
}
