TN:
SF:server.js
FN:36,(anonymous_0)
FNF:1
FNH:0
FNDA:0,(anonymous_0)
DA:2,1
DA:4,1
DA:5,1
DA:6,1
DA:7,1
DA:8,1
DA:9,1
DA:11,1
DA:12,1
DA:13,1
DA:15,1
DA:21,1
DA:22,1
DA:23,1
DA:26,1
DA:27,1
DA:28,1
DA:29,1
DA:32,1
DA:34,1
DA:35,1
DA:36,0
DA:37,0
LF:23
LH:21
BRDA:34,0,0,1
BRDA:34,0,1,0
BRDA:35,1,0,0
BRDA:35,1,1,1
BRF:4
BRH:2
end_of_record
TN:
SF:config/db.js
FNF:0
FNH:0
DA:1,1
DA:4,1
DA:13,1
LF:3
LH:3
BRF:0
BRH:0
end_of_record
TN:
SF:middleware/auth.js
FN:3,(anonymous_0)
FN:12,(anonymous_1)
FNF:2
FNH:2
FNDA:8,(anonymous_0)
FNDA:7,(anonymous_1)
DA:1,1
DA:3,1
DA:5,8
DA:6,8
DA:8,1
DA:12,7
DA:13,7
DA:15,0
DA:18,7
DA:19,7
DA:23,1
LF:11
LH:10
BRDA:5,0,0,8
BRDA:5,0,1,8
BRDA:6,1,0,1
BRDA:6,1,1,7
BRDA:13,2,0,0
BRDA:13,2,1,7
BRF:6
BRH:5
end_of_record
TN:
SF:middleware/authAdmin.js
FN:4,adminMiddleware
FNF:1
FNH:1
FNDA:6,adminMiddleware
DA:5,6
DA:6,6
DA:8,0
DA:12,1
LF:4
LH:3
BRDA:5,0,0,6
BRDA:5,0,1,0
BRDA:5,1,0,6
BRDA:5,1,1,6
BRF:4
BRH:3
end_of_record
TN:
SF:routes/auth.js
FN:11,(anonymous_0)
FN:45,(anonymous_1)
FN:81,(anonymous_2)
FN:99,(anonymous_3)
FN:105,(anonymous_4)
FN:110,(anonymous_5)
FNF:6
FNH:6
FNDA:5,(anonymous_0)
FNDA:5,(anonymous_1)
FNDA:1,(anonymous_2)
FNDA:1,(anonymous_3)
FNDA:1,(anonymous_4)
FNDA:3,(anonymous_5)
DA:1,1
DA:2,1
DA:3,1
DA:4,1
DA:5,1
DA:6,1
DA:7,1
DA:8,1
DA:11,1
DA:12,5
DA:14,5
DA:15,1
DA:18,4
DA:20,4
DA:21,4
DA:22,2
DA:26,2
DA:29,2
DA:32,2
DA:37,2
DA:39,0
DA:40,0
DA:45,1
DA:46,5
DA:48,5
DA:49,5
DA:52,5
DA:53,5
DA:55,5
DA:56,1
DA:57,1
DA:61,4
DA:62,4
DA:64,4
DA:65,1
DA:69,3
DA:72,3
DA:73,3
DA:75,0
DA:76,0
DA:81,1
DA:82,1
DA:83,1
DA:85,1
DA:87,1
DA:88,0
DA:91,1
DA:93,0
DA:94,0
DA:99,1
DA:100,1
DA:101,1
DA:105,1
DA:106,1
DA:110,1
DA:111,3
DA:113,3
DA:114,1
DA:117,2
DA:119,2
DA:120,2
DA:121,1
DA:125,1
DA:128,1
DA:130,1
DA:132,0
DA:133,0
DA:137,1
LF:68
LH:59
BRDA:14,0,0,1
BRDA:14,0,1,4
BRDA:14,1,0,5
BRDA:14,1,1,4
BRDA:14,1,2,4
BRDA:14,1,3,4
BRDA:21,2,0,2
BRDA:21,2,1,2
BRDA:55,3,0,1
BRDA:55,3,1,4
BRDA:64,4,0,1
BRDA:64,4,1,3
BRDA:87,5,0,0
BRDA:87,5,1,1
BRDA:113,6,0,1
BRDA:113,6,1,2
BRDA:113,7,0,3
BRDA:113,7,1,2
BRDA:113,7,2,2
BRDA:120,8,0,1
BRDA:120,8,1,1
BRF:21
BRH:20
end_of_record
TN:
SF:routes/offers.js
FN:9,(anonymous_0)
FN:27,(anonymous_1)
FN:37,(anonymous_2)
FN:52,(anonymous_3)
FN:79,(anonymous_4)
FN:94,(anonymous_5)
FNF:6
FNH:6
FNDA:2,(anonymous_0)
FNDA:1,(anonymous_1)
FNDA:2,(anonymous_2)
FNDA:2,(anonymous_3)
FNDA:2,(anonymous_4)
FNDA:3,(anonymous_5)
DA:1,1
DA:2,1
DA:3,1
DA:4,1
DA:6,1
DA:9,1
DA:10,2
DA:12,2
DA:13,1
DA:16,1
DA:17,1
DA:18,1
DA:19,1
DA:21,0
DA:22,0
DA:27,1
DA:28,1
DA:29,1
DA:30,1
DA:32,0
DA:37,1
DA:38,2
DA:40,2
DA:41,2
DA:42,2
DA:43,1
DA:45,1
DA:47,0
DA:52,1
DA:53,2
DA:54,2
DA:57,2
DA:58,0
DA:61,2
DA:62,2
DA:67,2
DA:68,1
DA:71,1
DA:73,0
DA:74,0
DA:79,1
DA:80,2
DA:82,2
DA:83,2
DA:84,2
DA:85,1
DA:87,1
DA:89,0
DA:94,1
DA:95,3
DA:96,3
DA:98,3
DA:100,3
DA:102,3
DA:103,1
DA:106,2
DA:109,2
DA:110,1
DA:114,1
DA:120,1
DA:122,0
DA:123,0
DA:127,1
LF:63
LH:53
BRDA:12,0,0,1
BRDA:12,0,1,1
BRDA:12,1,0,2
BRDA:12,1,1,2
BRDA:12,1,2,1
BRDA:12,1,3,1
BRDA:42,2,0,1
BRDA:42,2,1,1
BRDA:57,3,0,0
BRDA:57,3,1,2
BRDA:57,4,0,2
BRDA:57,4,1,2
BRDA:57,4,2,2
BRDA:57,4,3,2
BRDA:67,5,0,1
BRDA:67,5,1,1
BRDA:84,6,0,1
BRDA:84,6,1,1
BRDA:102,7,0,1
BRDA:102,7,1,2
BRDA:109,8,0,1
BRDA:109,8,1,1
BRF:22
BRH:21
end_of_record
TN:
SF:routes/payments.js
FN:6,(anonymous_0)
FN:26,(anonymous_1)
FNF:2
FNH:0
FNDA:0,(anonymous_0)
FNDA:0,(anonymous_1)
DA:1,1
DA:2,1
DA:3,1
DA:6,1
DA:7,0
DA:9,0
DA:10,0
DA:18,0
DA:20,0
DA:21,0
DA:26,1
DA:27,0
DA:29,0
DA:30,0
DA:33,0
DA:34,0
DA:40,0
DA:42,0
DA:43,0
DA:47,1
LF:20
LH:6
BRDA:29,0,0,0
BRDA:29,0,1,0
BRF:2
BRH:0
end_of_record
TN:
SF:routes/tickets.js
FN:7,(anonymous_0)
FN:10,(anonymous_1)
FN:15,(anonymous_2)
FN:46,(anonymous_3)
FNF:4
FNH:0
FNDA:0,(anonymous_0)
FNDA:0,(anonymous_1)
FNDA:0,(anonymous_2)
FNDA:0,(anonymous_3)
DA:1,1
DA:2,1
DA:3,1
DA:4,1
DA:7,1
DA:8,0
DA:10,1
DA:11,0
DA:15,1
DA:16,0
DA:17,0
DA:20,0
DA:21,0
DA:23,0
DA:24,0
DA:27,0
DA:28,0
DA:29,0
DA:32,0
DA:38,0
DA:40,0
DA:41,0
DA:46,1
DA:47,0
DA:49,0
DA:50,0
DA:54,0
DA:56,0
DA:57,0
DA:61,1
LF:30
LH:9
BRDA:20,0,0,0
BRDA:20,0,1,0
BRDA:23,1,0,0
BRDA:23,1,1,0
BRF:4
BRH:0
end_of_record
